[2018-02-21T17:30:59,465][INFO ][o.e.g.GatewayService     ] [u37zzhw] recovered [2] indices into cluster_state
[2018-02-21T17:30:59,998][INFO ][o.e.c.r.a.AllocationService] [u37zzhw] Cluster health status changed from [RED] to [YELLOW] (reason: [shards started [[hoge][0], [filebeat-6.2.2-2018.02.21][0], [filebeat-6.2.2-2018.02.21][1]] ...]).
[2018-02-21T17:35:01,353][DEBUG][o.e.a.b.TransportShardBulkAction] [hoge][0] failed to execute bulk item (index) BulkShardRequest [[hoge][0]] containing [index {[hoge][_doc][fuga], source[{
  "field1": "fufu"
}
]}]
org.elasticsearch.index.mapper.MapperParsingException: failed to parse [field1]
	at org.elasticsearch.index.mapper.FieldMapper.parse(FieldMapper.java:302) ~[elasticsearch-6.2.2.jar:6.2.2]
	at org.elasticsearch.index.mapper.DocumentParser.parseObjectOrField(DocumentParser.java:485) ~[elasticsearch-6.2.2.jar:6.2.2]
	at org.elasticsearch.index.mapper.DocumentParser.parseValue(DocumentParser.java:607) ~[elasticsearch-6.2.2.jar:6.2.2]
	at org.elasticsearch.index.mapper.DocumentParser.innerParseObject(DocumentParser.java:407) ~[elasticsearch-6.2.2.jar:6.2.2]
	at org.elasticsearch.index.mapper.DocumentParser.parseObjectOrNested(DocumentParser.java:384) ~[elasticsearch-6.2.2.jar:6.2.2]
	at org.elasticsearch.index.mapper.DocumentParser.internalParseDocument(DocumentParser.java:93) ~[elasticsearch-6.2.2.jar:6.2.2]
	at org.elasticsearch.index.mapper.DocumentParser.parseDocument(DocumentParser.java:67) ~[elasticsearch-6.2.2.jar:6.2.2]
	at org.elasticsearch.index.mapper.DocumentMapper.parse(DocumentMapper.java:261) ~[elasticsearch-6.2.2.jar:6.2.2]
	at org.elasticsearch.index.shard.IndexShard.prepareIndex(IndexShard.java:714) ~[elasticsearch-6.2.2.jar:6.2.2]
	at org.elasticsearch.index.shard.IndexShard.applyIndexOperation(IndexShard.java:692) ~[elasticsearch-6.2.2.jar:6.2.2]
	at org.elasticsearch.index.shard.IndexShard.applyIndexOperationOnPrimary(IndexShard.java:673) ~[elasticsearch-6.2.2.jar:6.2.2]
	at org.elasticsearch.action.bulk.TransportShardBulkAction.executeIndexRequestOnPrimary(TransportShardBulkAction.java:548) ~[elasticsearch-6.2.2.jar:6.2.2]
	at org.elasticsearch.action.bulk.TransportShardBulkAction.executeIndexRequest(TransportShardBulkAction.java:140) [elasticsearch-6.2.2.jar:6.2.2]
	at org.elasticsearch.action.bulk.TransportShardBulkAction.executeBulkItemRequest(TransportShardBulkAction.java:236) [elasticsearch-6.2.2.jar:6.2.2]
	at org.elasticsearch.action.bulk.TransportShardBulkAction.performOnPrimary(TransportShardBulkAction.java:123) [elasticsearch-6.2.2.jar:6.2.2]
	at org.elasticsearch.action.bulk.TransportShardBulkAction.shardOperationOnPrimary(TransportShardBulkAction.java:110) [elasticsearch-6.2.2.jar:6.2.2]
	at org.elasticsearch.action.bulk.TransportShardBulkAction.shardOperationOnPrimary(TransportShardBulkAction.java:72) [elasticsearch-6.2.2.jar:6.2.2]
	at org.elasticsearch.action.support.replication.TransportReplicationAction$PrimaryShardReference.perform(TransportReplicationAction.java:1034) [elasticsearch-6.2.2.jar:6.2.2]
	at org.elasticsearch.action.support.replication.TransportReplicationAction$PrimaryShardReference.perform(TransportReplicationAction.java:1012) [elasticsearch-6.2.2.jar:6.2.2]
	at org.elasticsearch.action.support.replication.ReplicationOperation.execute(ReplicationOperation.java:103) [elasticsearch-6.2.2.jar:6.2.2]
	at org.elasticsearch.action.support.replication.TransportReplicationAction$AsyncPrimaryAction.onResponse(TransportReplicationAction.java:359) [elasticsearch-6.2.2.jar:6.2.2]
	at org.elasticsearch.action.support.replication.TransportReplicationAction$AsyncPrimaryAction.onResponse(TransportReplicationAction.java:299) [elasticsearch-6.2.2.jar:6.2.2]
	at org.elasticsearch.action.support.replication.TransportReplicationAction$1.onResponse(TransportReplicationAction.java:975) [elasticsearch-6.2.2.jar:6.2.2]
	at org.elasticsearch.action.support.replication.TransportReplicationAction$1.onResponse(TransportReplicationAction.java:972) [elasticsearch-6.2.2.jar:6.2.2]
	at org.elasticsearch.index.shard.IndexShardOperationPermits.acquire(IndexShardOperationPermits.java:238) [elasticsearch-6.2.2.jar:6.2.2]
	at org.elasticsearch.index.shard.IndexShard.acquirePrimaryOperationPermit(IndexShard.java:2220) [elasticsearch-6.2.2.jar:6.2.2]
	at org.elasticsearch.action.support.replication.TransportReplicationAction.acquirePrimaryShardReference(TransportReplicationAction.java:984) [elasticsearch-6.2.2.jar:6.2.2]
	at org.elasticsearch.action.support.replication.TransportReplicationAction.access$500(TransportReplicationAction.java:98) [elasticsearch-6.2.2.jar:6.2.2]
	at org.elasticsearch.action.support.replication.TransportReplicationAction$AsyncPrimaryAction.doRun(TransportReplicationAction.java:320) [elasticsearch-6.2.2.jar:6.2.2]
	at org.elasticsearch.common.util.concurrent.AbstractRunnable.run(AbstractRunnable.java:37) [elasticsearch-6.2.2.jar:6.2.2]
	at org.elasticsearch.action.support.replication.TransportReplicationAction$PrimaryOperationTransportHandler.messageReceived(TransportReplicationAction.java:295) [elasticsearch-6.2.2.jar:6.2.2]
	at org.elasticsearch.action.support.replication.TransportReplicationAction$PrimaryOperationTransportHandler.messageReceived(TransportReplicationAction.java:282) [elasticsearch-6.2.2.jar:6.2.2]
	at org.elasticsearch.transport.RequestHandlerRegistry.processMessageReceived(RequestHandlerRegistry.java:66) [elasticsearch-6.2.2.jar:6.2.2]
	at org.elasticsearch.transport.TransportService$7.doRun(TransportService.java:656) [elasticsearch-6.2.2.jar:6.2.2]
	at org.elasticsearch.common.util.concurrent.ThreadContext$ContextPreservingAbstractRunnable.doRun(ThreadContext.java:672) [elasticsearch-6.2.2.jar:6.2.2]
	at org.elasticsearch.common.util.concurrent.AbstractRunnable.run(AbstractRunnable.java:37) [elasticsearch-6.2.2.jar:6.2.2]
	at java.util.concurrent.ThreadPoolExecutor.runWorker(ThreadPoolExecutor.java:1167) [?:?]
	at java.util.concurrent.ThreadPoolExecutor$Worker.run(ThreadPoolExecutor.java:641) [?:?]
	at java.lang.Thread.run(Thread.java:844) [?:?]
Caused by: java.lang.IllegalArgumentException: For input string: "fufu"
	at org.elasticsearch.common.Numbers.toLong(Numbers.java:228) ~[elasticsearch-6.2.2.jar:6.2.2]
	at org.elasticsearch.common.xcontent.support.AbstractXContentParser.longValue(AbstractXContentParser.java:188) ~[elasticsearch-6.2.2.jar:6.2.2]
	at org.elasticsearch.index.mapper.NumberFieldMapper$NumberType$7.parse(NumberFieldMapper.java:679) ~[elasticsearch-6.2.2.jar:6.2.2]
	at org.elasticsearch.index.mapper.NumberFieldMapper$NumberType$7.parse(NumberFieldMapper.java:655) ~[elasticsearch-6.2.2.jar:6.2.2]
	at org.elasticsearch.index.mapper.NumberFieldMapper.parseCreateField(NumberFieldMapper.java:996) ~[elasticsearch-6.2.2.jar:6.2.2]
	at org.elasticsearch.index.mapper.FieldMapper.parse(FieldMapper.java:297) ~[elasticsearch-6.2.2.jar:6.2.2]
	... 38 more
[2018-02-21T17:35:05,955][INFO ][o.e.n.Node               ] [u37zzhw] stopping ...

